# JRE version: OpenJDK Runtime Environment (24.0.1+9) (build 24.0.1+9-30)
# Java VM: OpenJDK 64-Bit Server VM (24.0.1+9-30, mixed mode, emulated-client, sharing, tiered, compressed oops, compressed class ptrs, g1 gc, windows-amd64)
GC Precious Log:
 CardTable entry size: 512
 Card Set container configuration: InlinePtr #cards 5 size 8 Array Of Cards #cards 10 size 36 Howl #buckets 4 coarsen threshold 1843 Howl Bitmap #cards 512 size 80 coarsen threshold 460 Card regions per heap region 1 cards per card region 2048
 CPUs: 16 total, 16 available
 Memory: 7812M
 Large Page Support: Disabled
 NUMA Support: Disabled
 Compressed Oops: Enabled (32-bit)
 Heap Region Size: 1M
 Heap Min Capacity: 8M
 Heap Initial Capacity: 124M
 Heap Max Capacity: 1954M
 Pre-touch: Disabled
 Parallel Workers: 13
 Concurrent Workers: 3
 Concurrent Refinement Workers: 13
 Periodic GC: Disabled
Heap:
 garbage-first heap   total reserved 2000896K, committed 167936K, used 89526K [0x0000000085e00000, 0x0000000100000000)
  region size 1024K, 42 young (43008K), 10 survivors (10240K)
 Metaspace       used 87915K, committed 88832K, reserved 1179648K
  class space    used 10728K, committed 11136K, reserved 1048576K
GC Heap History (20 events):
Event: 3.558 GC heap before
{Heap before GC invocations=14 (full 0):
 garbage-first heap   total reserved 2000896K, committed 67584K, used 55762K [0x0000000085e00000, 0x0000000100000000)
  region size 1024K, 30 young (30720K), 3 survivors (3072K)
 Metaspace       used 58942K, committed 59456K, reserved 1114112K
  class space    used 6576K, committed 6784K, reserved 1048576K
}
Event: 3.561 GC heap after
{Heap after GC invocations=15 (full 0):
 garbage-first heap   total reserved 2000896K, committed 67584K, used 29988K [0x0000000085e00000, 0x0000000100000000)
  region size 1024K, 3 young (3072K), 3 survivors (3072K)
 Metaspace       used 58942K, committed 59456K, reserved 1114112K
  class space    used 6576K, committed 6784K, reserved 1048576K
}
Event: 4.181 GC heap before
{Heap before GC invocations=15 (full 0):
 garbage-first heap   total reserved 2000896K, committed 67584K, used 58660K [0x0000000085e00000, 0x0000000100000000)
  region size 1024K, 31 young (31744K), 3 survivors (3072K)
 Metaspace       used 64066K, committed 64640K, reserved 1114112K
  class space    used 7112K, committed 7360K, reserved 1048576K
}
Event: 4.184 GC heap after
{Heap after GC invocations=16 (full 0):
 garbage-first heap   total reserved 2000896K, committed 67584K, used 32431K [0x0000000085e00000, 0x0000000100000000)
  region size 1024K, 4 young (4096K), 4 survivors (4096K)
 Metaspace       used 64066K, committed 64640K, reserved 1114112K
  class space    used 7112K, committed 7360K, reserved 1048576K
}
Event: 4.445 GC heap before
{Heap before GC invocations=16 (full 0):
 garbage-first heap   total reserved 2000896K, committed 67584K, used 58031K [0x0000000085e00000, 0x0000000100000000)
  region size 1024K, 29 young (29696K), 4 survivors (4096K)
 Metaspace       used 68029K, committed 68672K, reserved 1114112K
  class space    used 7778K, committed 8064K, reserved 1048576K
}
Event: 4.448 GC heap after
{Heap after GC invocations=17 (full 0):
 garbage-first heap   total reserved 2000896K, committed 67584K, used 35209K [0x0000000085e00000, 0x0000000100000000)
  region size 1024K, 3 young (3072K), 3 survivors (3072K)
 Metaspace       used 68029K, committed 68672K, reserved 1114112K
  class space    used 7778K, committed 8064K, reserved 1048576K
}
Event: 4.486 GC heap before
{Heap before GC invocations=18 (full 0):
 garbage-first heap   total reserved 2000896K, committed 67584K, used 59785K [0x0000000085e00000, 0x0000000100000000)
  region size 1024K, 27 young (27648K), 3 survivors (3072K)
 Metaspace       used 68038K, committed 68672K, reserved 1114112K
  class space    used 7782K, committed 8064K, reserved 1048576K
}
Event: 4.490 GC heap after
{Heap after GC invocations=19 (full 0):
 garbage-first heap   total reserved 2000896K, committed 68608K, used 40759K [0x0000000085e00000, 0x0000000100000000)
  region size 1024K, 4 young (4096K), 4 survivors (4096K)
 Metaspace       used 68038K, committed 68672K, reserved 1114112K
  class space    used 7782K, committed 8064K, reserved 1048576K
}
Event: 4.602 GC heap before
{Heap before GC invocations=19 (full 0):
 garbage-first heap   total reserved 2000896K, committed 68608K, used 58167K [0x0000000085e00000, 0x0000000100000000)
  region size 1024K, 22 young (22528K), 4 survivors (4096K)
 Metaspace       used 69388K, committed 70016K, reserved 1114112K
  class space    used 8162K, committed 8448K, reserved 1048576K
}
Event: 4.606 GC heap after
{Heap after GC invocations=20 (full 0):
 garbage-first heap   total reserved 2000896K, committed 68608K, used 43794K [0x0000000085e00000, 0x0000000100000000)
  region size 1024K, 3 young (3072K), 3 survivors (3072K)
 Metaspace       used 69388K, committed 70016K, reserved 1114112K
  class space    used 8162K, committed 8448K, reserved 1048576K
}
Event: 4.627 GC heap before
{Heap before GC invocations=20 (full 0):
 garbage-first heap   total reserved 2000896K, committed 68608K, used 60178K [0x0000000085e00000, 0x0000000100000000)
  region size 1024K, 19 young (19456K), 3 survivors (3072K)
 Metaspace       used 69389K, committed 70016K, reserved 1114112K
  class space    used 8162K, committed 8448K, reserved 1048576K
}
Event: 4.631 GC heap after
{Heap after GC invocations=21 (full 0):
 garbage-first heap   total reserved 2000896K, committed 69632K, used 49703K [0x0000000085e00000, 0x0000000100000000)
  region size 1024K, 3 young (3072K), 3 survivors (3072K)
 Metaspace       used 69389K, committed 70016K, reserved 1114112K
  class space    used 8162K, committed 8448K, reserved 1048576K
}
Event: 4.652 GC heap before
{Heap before GC invocations=22 (full 0):
 garbage-first heap   total reserved 2000896K, committed 83968K, used 60967K [0x0000000085e00000, 0x0000000100000000)
  region size 1024K, 14 young (14336K), 3 survivors (3072K)
 Metaspace       used 69395K, committed 70016K, reserved 1114112K
  class space    used 8162K, committed 8448K, reserved 1048576K
}
Event: 4.654 GC heap after
{Heap after GC invocations=23 (full 0):
 garbage-first heap   total reserved 2000896K, committed 167936K, used 50783K [0x0000000085e00000, 0x0000000100000000)
  region size 1024K, 1 young (1024K), 1 survivors (1024K)
 Metaspace       used 69395K, committed 70016K, reserved 1114112K
  class space    used 8162K, committed 8448K, reserved 1048576K
}
Event: 4.797 GC heap before
{Heap before GC invocations=23 (full 0):
 garbage-first heap   total reserved 2000896K, committed 167936K, used 123487K [0x0000000085e00000, 0x0000000100000000)
  region size 1024K, 73 young (74752K), 1 survivors (1024K)
 Metaspace       used 70717K, committed 71360K, reserved 1114112K
  class space    used 8324K, committed 8576K, reserved 1048576K
}
Event: 4.800 GC heap after
{Heap after GC invocations=24 (full 0):
 garbage-first heap   total reserved 2000896K, committed 167936K, used 51787K [0x0000000085e00000, 0x0000000100000000)
  region size 1024K, 2 young (2048K), 2 survivors (2048K)
 Metaspace       used 70717K, committed 71360K, reserved 1114112K
  class space    used 8324K, committed 8576K, reserved 1048576K
}
Event: 5.332 GC heap before
{Heap before GC invocations=24 (full 0):
 garbage-first heap   total reserved 2000896K, committed 167936K, used 121419K [0x0000000085e00000, 0x0000000100000000)
  region size 1024K, 70 young (71680K), 2 survivors (2048K)
 Metaspace       used 76654K, committed 77440K, reserved 1179648K
  class space    used 9164K, committed 9472K, reserved 1048576K
}
Event: 5.338 GC heap after
{Heap after GC invocations=25 (full 0):
 garbage-first heap   total reserved 2000896K, committed 167936K, used 55528K [0x0000000085e00000, 0x0000000100000000)
  region size 1024K, 6 young (6144K), 6 survivors (6144K)
 Metaspace       used 76654K, committed 77440K, reserved 1179648K
  class space    used 9164K, committed 9472K, reserved 1048576K
}
Event: 33.085 GC heap before
{Heap before GC invocations=25 (full 0):
 garbage-first heap   total reserved 2000896K, committed 167936K, used 127208K [0x0000000085e00000, 0x0000000100000000)
  region size 1024K, 77 young (78848K), 6 survivors (6144K)
 Metaspace       used 85081K, committed 85888K, reserved 1179648K
  class space    used 10334K, committed 10688K, reserved 1048576K
}
Event: 33.098 GC heap after
{Heap after GC invocations=26 (full 0):
 garbage-first heap   total reserved 2000896K, committed 167936K, used 60854K [0x0000000085e00000, 0x0000000100000000)
  region size 1024K, 10 young (10240K), 10 survivors (10240K)
 Metaspace       used 85081K, committed 85888K, reserved 1179648K
  class space    used 10334K, committed 10688K, reserved 1048576K
}

