# JRE version: OpenJDK Runtime Environment (24.0.1+9) (build 24.0.1+9-30)
# Java VM: OpenJDK 64-Bit Server VM (24.0.1+9-30, mixed mode, emulated-client, sharing, tiered, compressed oops, compressed class ptrs, g1 gc, windows-amd64)
GC Precious Log:
 CardTable entry size: 512
 Card Set container configuration: InlinePtr #cards 5 size 8 Array Of Cards #cards 10 size 36 Howl #buckets 4 coarsen threshold 1843 Howl Bitmap #cards 512 size 80 coarsen threshold 460 Card regions per heap region 1 cards per card region 2048
 CPUs: 16 total, 16 available
 Memory: 7812M
 Large Page Support: Disabled
 NUMA Support: Disabled
 Compressed Oops: Enabled (32-bit)
 Heap Region Size: 1M
 Heap Min Capacity: 8M
 Heap Initial Capacity: 124M
 Heap Max Capacity: 1954M
 Pre-touch: Disabled
 Parallel Workers: 13
 Concurrent Workers: 3
 Concurrent Refinement Workers: 13
 Periodic GC: Disabled
Heap:
 garbage-first heap   total reserved 2000896K, committed 67584K, used 29065K [0x0000000085e00000, 0x0000000100000000)
  region size 1024K, 5 young (5120K), 4 survivors (4096K)
 Metaspace       used 45100K, committed 45632K, reserved 1114112K
  class space    used 5062K, committed 5248K, reserved 1048576K
GC Heap History (18 events):
Event: 0.738 GC heap before
{Heap before GC invocations=0 (full 0):
 garbage-first heap   total reserved 2000896K, committed 129024K, used 50288K [0x0000000085e00000, 0x0000000100000000)
  region size 1024K, 47 young (48128K), 0 survivors (0K)
 Metaspace       used 11210K, committed 11456K, reserved 1114112K
  class space    used 1296K, committed 1408K, reserved 1048576K
}
Event: 0.745 GC heap after
{Heap after GC invocations=1 (full 0):
 garbage-first heap   total reserved 2000896K, committed 129024K, used 11816K [0x0000000085e00000, 0x0000000100000000)
  region size 1024K, 6 young (6144K), 6 survivors (6144K)
 Metaspace       used 11210K, committed 11456K, reserved 1114112K
  class space    used 1296K, committed 1408K, reserved 1048576K
}
Event: 0.858 GC heap before
{Heap before GC invocations=1 (full 0):
 garbage-first heap   total reserved 2000896K, committed 129024K, used 26152K [0x0000000085e00000, 0x0000000100000000)
  region size 1024K, 22 young (22528K), 6 survivors (6144K)
 Metaspace       used 15981K, committed 16256K, reserved 1114112K
  class space    used 1728K, committed 1856K, reserved 1048576K
}
Event: 0.862 GC heap after
{Heap after GC invocations=2 (full 0):
 garbage-first heap   total reserved 2000896K, committed 129024K, used 13874K [0x0000000085e00000, 0x0000000100000000)
  region size 1024K, 2 young (2048K), 2 survivors (2048K)
 Metaspace       used 15981K, committed 16256K, reserved 1114112K
  class space    used 1728K, committed 1856K, reserved 1048576K
}
Event: 1.119 GC heap before
{Heap before GC invocations=3 (full 0):
 garbage-first heap   total reserved 2000896K, committed 51200K, used 48690K [0x0000000085e00000, 0x0000000100000000)
  region size 1024K, 37 young (37888K), 2 survivors (2048K)
 Metaspace       used 21647K, committed 22016K, reserved 1114112K
  class space    used 2311K, committed 2432K, reserved 1048576K
}
Event: 1.123 GC heap after
{Heap after GC invocations=4 (full 0):
 garbage-first heap   total reserved 2000896K, committed 56320K, used 17271K [0x0000000085e00000, 0x0000000100000000)
  region size 1024K, 5 young (5120K), 5 survivors (5120K)
 Metaspace       used 21647K, committed 22016K, reserved 1114112K
  class space    used 2311K, committed 2432K, reserved 1048576K
}
Event: 1.314 GC heap before
{Heap before GC invocations=4 (full 0):
 garbage-first heap   total reserved 2000896K, committed 56320K, used 39799K [0x0000000085e00000, 0x0000000100000000)
  region size 1024K, 27 young (27648K), 5 survivors (5120K)
 Metaspace       used 23118K, committed 23488K, reserved 1114112K
  class space    used 2469K, committed 2624K, reserved 1048576K
}
Event: 1.319 GC heap after
{Heap after GC invocations=5 (full 0):
 garbage-first heap   total reserved 2000896K, committed 56320K, used 18761K [0x0000000085e00000, 0x0000000100000000)
  region size 1024K, 3 young (3072K), 3 survivors (3072K)
 Metaspace       used 23118K, committed 23488K, reserved 1114112K
  class space    used 2469K, committed 2624K, reserved 1048576K
}
Event: 1.571 GC heap before
{Heap before GC invocations=5 (full 0):
 garbage-first heap   total reserved 2000896K, committed 56320K, used 41289K [0x0000000085e00000, 0x0000000100000000)
  region size 1024K, 25 young (25600K), 3 survivors (3072K)
 Metaspace       used 25820K, committed 26176K, reserved 1114112K
  class space    used 2811K, committed 2944K, reserved 1048576K
}
Event: 1.575 GC heap after
{Heap after GC invocations=6 (full 0):
 garbage-first heap   total reserved 2000896K, committed 56320K, used 20406K [0x0000000085e00000, 0x0000000100000000)
  region size 1024K, 4 young (4096K), 4 survivors (4096K)
 Metaspace       used 25820K, committed 26176K, reserved 1114112K
  class space    used 2811K, committed 2944K, reserved 1048576K
}
Event: 1.662 GC heap before
{Heap before GC invocations=6 (full 0):
 garbage-first heap   total reserved 2000896K, committed 56320K, used 28598K [0x0000000085e00000, 0x0000000100000000)
  region size 1024K, 13 young (13312K), 4 survivors (4096K)
 Metaspace       used 26826K, committed 27136K, reserved 1114112K
  class space    used 2934K, committed 3072K, reserved 1048576K
}
Event: 1.666 GC heap after
{Heap after GC invocations=7 (full 0):
 garbage-first heap   total reserved 2000896K, committed 56320K, used 21238K [0x0000000085e00000, 0x0000000100000000)
  region size 1024K, 3 young (3072K), 3 survivors (3072K)
 Metaspace       used 26826K, committed 27136K, reserved 1114112K
  class space    used 2934K, committed 3072K, reserved 1048576K
}
Event: 1.884 GC heap before
{Heap before GC invocations=8 (full 0):
 garbage-first heap   total reserved 2000896K, committed 56320K, used 44790K [0x0000000085e00000, 0x0000000100000000)
  region size 1024K, 26 young (26624K), 3 survivors (3072K)
 Metaspace       used 29668K, committed 30208K, reserved 1114112K
  class space    used 3357K, committed 3584K, reserved 1048576K
}
Event: 1.889 GC heap after
{Heap after GC invocations=9 (full 0):
 garbage-first heap   total reserved 2000896K, committed 56320K, used 23295K [0x0000000085e00000, 0x0000000100000000)
  region size 1024K, 3 young (3072K), 3 survivors (3072K)
 Metaspace       used 29668K, committed 30208K, reserved 1114112K
  class space    used 3357K, committed 3584K, reserved 1048576K
}
Event: 2.171 GC heap before
{Heap before GC invocations=9 (full 0):
 garbage-first heap   total reserved 2000896K, committed 56320K, used 45823K [0x0000000085e00000, 0x0000000100000000)
  region size 1024K, 26 young (26624K), 3 survivors (3072K)
 Metaspace       used 33194K, committed 33664K, reserved 1114112K
  class space    used 3787K, committed 3968K, reserved 1048576K
}
Event: 2.174 GC heap after
{Heap after GC invocations=10 (full 0):
 garbage-first heap   total reserved 2000896K, committed 67584K, used 25265K [0x0000000085e00000, 0x0000000100000000)
  region size 1024K, 3 young (3072K), 3 survivors (3072K)
 Metaspace       used 33194K, committed 33664K, reserved 1114112K
  class space    used 3787K, committed 3968K, reserved 1048576K
}
Event: 2.695 GC heap before
{Heap before GC invocations=10 (full 0):
 garbage-first heap   total reserved 2000896K, committed 67584K, used 53937K [0x0000000085e00000, 0x0000000100000000)
  region size 1024K, 32 young (32768K), 3 survivors (3072K)
 Metaspace       used 41474K, committed 41920K, reserved 1114112K
  class space    used 4650K, committed 4864K, reserved 1048576K
}
Event: 2.698 GC heap after
{Heap after GC invocations=11 (full 0):
 garbage-first heap   total reserved 2000896K, committed 67584K, used 27423K [0x0000000085e00000, 0x0000000100000000)
  region size 1024K, 2 young (2048K), 2 survivors (2048K)
 Metaspace       used 41474K, committed 41920K, reserved 1114112K
  class space    used 4650K, committed 4864K, reserved 1048576K
}

